<?xml version="1.0" encoding="UTF-8"?>
<testsuite xmlns:xsi="http://www.w3.org/2001/XMLSchema-instance" xsi:noNamespaceSchemaLocation="https://maven.apache.org/surefire/maven-surefire-plugin/xsd/surefire-test-report.xsd" name="google.Runner" time="34.531" tests="4" errors="0" skipped="0" failures="0">
  <properties>
[...]
</properties>
  <testcase name="Given que acesso o Google" classname="Scenario: Com Sucesso" time="0.005"/>
  <testcase name="When digito &quot;chocolate&quot; e aperto Enter" classname="Scenario: Com Sucesso" time="0"/>
  <testcase name="Then exibe uma pagina com links e o titulo &quot;chocolate - Pesquisa Google&quot;" classname="Scenario: Com Sucesso" time="0"/>
  <testcase name="Scenario: Com Sucesso" classname="Scenario: Com Sucesso" time="1.637"/>
</testsuite>